{
  "/Users/a1/mine/one-hooks/src/index.ts": {
    "path": "/Users/a1/mine/one-hooks/src/index.ts",
    "statementMap": {},
    "fnMap": {},
    "branchMap": {},
    "s": {},
    "f": {},
    "b": {}
  },
  "/Users/a1/mine/one-hooks/src/.umi/umi.ts": {
    "path": "/Users/a1/mine/one-hooks/src/.umi/umi.ts",
    "statementMap": {
      "0": { "start": { "line": 14, "column": 24 }, "end": { "line": 33, "column": 2 } },
      "1": { "start": { "line": 14, "column": 74 }, "end": { "line": 33, "column": 2 } },
      "2": { "start": { "line": 18, "column": 17 }, "end": { "line": 29, "column": 6 } },
      "3": { "start": { "line": 30, "column": 4 }, "end": { "line": 30, "column": 30 } },
      "4": { "start": { "line": 35, "column": 21 }, "end": { "line": 35, "column": 38 } },
      "5": { "start": { "line": 39, "column": 4 }, "end": { "line": 41, "column": 6 } },
      "6": { "start": { "line": 46, "column": 0 }, "end": { "line": 58, "column": 1 } },
      "7": { "start": { "line": 48, "column": 2 }, "end": { "line": 57, "column": 5 } },
      "8": { "start": { "line": 49, "column": 16 }, "end": { "line": 49, "column": 40 } },
      "9": { "start": { "line": 50, "column": 4 }, "end": { "line": 56, "column": 5 } },
      "10": { "start": { "line": 51, "column": 6 }, "end": { "line": 53, "column": 9 } },
      "11": { "start": { "line": 52, "column": 8 }, "end": { "line": 52, "column": 62 } },
      "12": { "start": { "line": 55, "column": 6 }, "end": { "line": 55, "column": 64 } }
    },
    "fnMap": {
      "0": {
        "name": "(anonymous_0)",
        "decl": { "start": { "line": 14, "column": 24 }, "end": { "line": 14, "column": 25 } },
        "loc": { "start": { "line": 14, "column": 74 }, "end": { "line": 33, "column": 2 } },
        "line": 14
      },
      "1": {
        "name": "(anonymous_1)",
        "decl": { "start": { "line": 17, "column": 16 }, "end": { "line": 17, "column": 17 } },
        "loc": { "start": { "line": 17, "column": 22 }, "end": { "line": 31, "column": 3 } },
        "line": 17
      },
      "2": {
        "name": "(anonymous_2)",
        "decl": { "start": { "line": 48, "column": 37 }, "end": { "line": 48, "column": 38 } },
        "loc": { "start": { "line": 48, "column": 43 }, "end": { "line": 57, "column": 3 } },
        "line": 48
      },
      "3": {
        "name": "(anonymous_3)",
        "decl": { "start": { "line": 51, "column": 15 }, "end": { "line": 51, "column": 16 } },
        "loc": { "start": { "line": 51, "column": 34 }, "end": { "line": 53, "column": 7 } },
        "line": 51
      }
    },
    "branchMap": {
      "0": {
        "loc": { "start": { "line": 14, "column": 25 }, "end": { "line": 14, "column": 69 } },
        "type": "default-arg",
        "locations": [
          { "start": { "line": 14, "column": 67 }, "end": { "line": 14, "column": 69 } }
        ],
        "line": 14
      },
      "1": {
        "loc": { "start": { "line": 22, "column": 16 }, "end": { "line": 22, "column": 42 } },
        "type": "binary-expr",
        "locations": [
          { "start": { "line": 22, "column": 16 }, "end": { "line": 22, "column": 27 } },
          { "start": { "line": 22, "column": 31 }, "end": { "line": 22, "column": 42 } }
        ],
        "line": 22
      },
      "2": {
        "loc": { "start": { "line": 46, "column": 0 }, "end": { "line": 58, "column": 1 } },
        "type": "if",
        "locations": [
          { "start": { "line": 46, "column": 0 }, "end": { "line": 58, "column": 1 } },
          { "start": { "line": 46, "column": 0 }, "end": { "line": 58, "column": 1 } }
        ],
        "line": 46
      },
      "3": {
        "loc": { "start": { "line": 50, "column": 4 }, "end": { "line": 56, "column": 5 } },
        "type": "if",
        "locations": [
          { "start": { "line": 50, "column": 4 }, "end": { "line": 56, "column": 5 } },
          { "start": { "line": 50, "column": 4 }, "end": { "line": 56, "column": 5 } }
        ],
        "line": 50
      }
    },
    "s": {
      "0": 0,
      "1": 0,
      "2": 0,
      "3": 0,
      "4": 0,
      "5": 0,
      "6": 0,
      "7": 0,
      "8": 0,
      "9": 0,
      "10": 0,
      "11": 0,
      "12": 0
    },
    "f": { "0": 0, "1": 0, "2": 0, "3": 0 },
    "b": { "0": [0], "1": [0, 0], "2": [0, 0], "3": [0, 0] }
  },
  "/Users/a1/mine/one-hooks/src/.umi/core/devScripts.ts": {
    "path": "/Users/a1/mine/one-hooks/src/.umi/core/devScripts.ts",
    "statementMap": {
      "0": { "start": { "line": 3, "column": 0 }, "end": { "line": 50, "column": 1 } },
      "1": { "start": { "line": 6, "column": 4 }, "end": { "line": 9, "column": 5 } },
      "2": { "start": { "line": 7, "column": 6 }, "end": { "line": 7, "column": 31 } },
      "3": { "start": { "line": 8, "column": 6 }, "end": { "line": 8, "column": 13 } },
      "4": { "start": { "line": 13, "column": 6 }, "end": { "line": 13, "column": 74 } },
      "5": { "start": { "line": 18, "column": 4 }, "end": { "line": 20, "column": 5 } },
      "6": { "start": { "line": 19, "column": 6 }, "end": { "line": 19, "column": 13 } },
      "7": { "start": { "line": 23, "column": 6 }, "end": { "line": 26, "column": 7 } },
      "8": { "start": { "line": 24, "column": 8 }, "end": { "line": 24, "column": 33 } },
      "9": { "start": { "line": 25, "column": 8 }, "end": { "line": 25, "column": 15 } },
      "10": { "start": { "line": 28, "column": 6 }, "end": { "line": 28, "column": 29 } },
      "11": { "start": { "line": 30, "column": 6 }, "end": { "line": 33, "column": 7 } },
      "12": { "start": { "line": 32, "column": 8 }, "end": { "line": 32, "column": 26 } },
      "13": { "start": { "line": 37, "column": 4 }, "end": { "line": 44, "column": 6 } },
      "14": { "start": { "line": 39, "column": 8 }, "end": { "line": 39, "column": 49 } },
      "15": { "start": { "line": 42, "column": 8 }, "end": { "line": 42, "column": 38 } },
      "16": { "start": { "line": 47, "column": 2 }, "end": { "line": 49, "column": 5 } }
    },
    "fnMap": {
      "0": {
        "name": "tryApplyUpdates",
        "decl": { "start": { "line": 4, "column": 11 }, "end": { "line": 4, "column": 26 } },
        "loc": { "start": { "line": 4, "column": 58 }, "end": { "line": 45, "column": 3 } },
        "line": 4
      },
      "1": {
        "name": "isUpdateAvailable",
        "decl": { "start": { "line": 11, "column": 13 }, "end": { "line": 11, "column": 30 } },
        "loc": { "start": { "line": 11, "column": 33 }, "end": { "line": 14, "column": 5 } },
        "line": 11
      },
      "2": {
        "name": "handleApplyUpdates",
        "decl": { "start": { "line": 22, "column": 13 }, "end": { "line": 22, "column": 31 } },
        "loc": { "start": { "line": 22, "column": 72 }, "end": { "line": 34, "column": 5 } },
        "line": 22
      },
      "3": {
        "name": "(anonymous_3)",
        "decl": { "start": { "line": 38, "column": 6 }, "end": { "line": 38, "column": 7 } },
        "loc": { "start": { "line": 38, "column": 37 }, "end": { "line": 40, "column": 7 } },
        "line": 38
      },
      "4": {
        "name": "(anonymous_4)",
        "decl": { "start": { "line": 41, "column": 6 }, "end": { "line": 41, "column": 7 } },
        "loc": { "start": { "line": 41, "column": 28 }, "end": { "line": 43, "column": 7 } },
        "line": 41
      }
    },
    "branchMap": {
      "0": {
        "loc": { "start": { "line": 3, "column": 0 }, "end": { "line": 50, "column": 1 } },
        "type": "if",
        "locations": [
          { "start": { "line": 3, "column": 0 }, "end": { "line": 50, "column": 1 } },
          { "start": { "line": 3, "column": 0 }, "end": { "line": 50, "column": 1 } }
        ],
        "line": 3
      },
      "1": {
        "loc": { "start": { "line": 6, "column": 4 }, "end": { "line": 9, "column": 5 } },
        "type": "if",
        "locations": [
          { "start": { "line": 6, "column": 4 }, "end": { "line": 9, "column": 5 } },
          { "start": { "line": 6, "column": 4 }, "end": { "line": 9, "column": 5 } }
        ],
        "line": 6
      },
      "2": {
        "loc": { "start": { "line": 18, "column": 4 }, "end": { "line": 20, "column": 5 } },
        "type": "if",
        "locations": [
          { "start": { "line": 18, "column": 4 }, "end": { "line": 20, "column": 5 } },
          { "start": { "line": 18, "column": 4 }, "end": { "line": 20, "column": 5 } }
        ],
        "line": 18
      },
      "3": {
        "loc": { "start": { "line": 18, "column": 8 }, "end": { "line": 18, "column": 62 } },
        "type": "binary-expr",
        "locations": [
          { "start": { "line": 18, "column": 8 }, "end": { "line": 18, "column": 28 } },
          { "start": { "line": 18, "column": 32 }, "end": { "line": 18, "column": 62 } }
        ],
        "line": 18
      },
      "4": {
        "loc": { "start": { "line": 23, "column": 6 }, "end": { "line": 26, "column": 7 } },
        "type": "if",
        "locations": [
          { "start": { "line": 23, "column": 6 }, "end": { "line": 26, "column": 7 } },
          { "start": { "line": 23, "column": 6 }, "end": { "line": 26, "column": 7 } }
        ],
        "line": 23
      },
      "5": {
        "loc": { "start": { "line": 23, "column": 10 }, "end": { "line": 23, "column": 65 } },
        "type": "binary-expr",
        "locations": [
          { "start": { "line": 23, "column": 10 }, "end": { "line": 23, "column": 13 } },
          { "start": { "line": 23, "column": 17 }, "end": { "line": 23, "column": 32 } },
          { "start": { "line": 23, "column": 36 }, "end": { "line": 23, "column": 65 } }
        ],
        "line": 23
      },
      "6": {
        "loc": { "start": { "line": 30, "column": 6 }, "end": { "line": 33, "column": 7 } },
        "type": "if",
        "locations": [
          { "start": { "line": 30, "column": 6 }, "end": { "line": 33, "column": 7 } },
          { "start": { "line": 30, "column": 6 }, "end": { "line": 33, "column": 7 } }
        ],
        "line": 30
      }
    },
    "s": {
      "0": 0,
      "1": 0,
      "2": 0,
      "3": 0,
      "4": 0,
      "5": 0,
      "6": 0,
      "7": 0,
      "8": 0,
      "9": 0,
      "10": 0,
      "11": 0,
      "12": 0,
      "13": 0,
      "14": 0,
      "15": 0,
      "16": 0
    },
    "f": { "0": 0, "1": 0, "2": 0, "3": 0, "4": 0 },
    "b": {
      "0": [0, 0],
      "1": [0, 0],
      "2": [0, 0],
      "3": [0, 0],
      "4": [0, 0],
      "5": [0, 0, 0],
      "6": [0, 0]
    }
  },
  "/Users/a1/mine/one-hooks/src/.umi/core/history.ts": {
    "path": "/Users/a1/mine/one-hooks/src/.umi/core/history.ts",
    "statementMap": {
      "0": { "start": { "line": 4, "column": 14 }, "end": { "line": 6, "column": 1 } },
      "1": { "start": { "line": 7, "column": 0 }, "end": { "line": 9, "column": 1 } },
      "2": { "start": { "line": 8, "column": 2 }, "end": { "line": 8, "column": 46 } },
      "3": { "start": { "line": 12, "column": 23 }, "end": { "line": 12, "column": 85 } },
      "4": { "start": { "line": 13, "column": 29 }, "end": { "line": 19, "column": 1 } },
      "5": { "start": { "line": 14, "column": 2 }, "end": { "line": 16, "column": 3 } },
      "6": { "start": { "line": 15, "column": 4 }, "end": { "line": 15, "column": 44 } },
      "7": { "start": { "line": 18, "column": 2 }, "end": { "line": 18, "column": 17 } }
    },
    "fnMap": {
      "0": {
        "name": "(anonymous_0)",
        "decl": { "start": { "line": 13, "column": 29 }, "end": { "line": 13, "column": 30 } },
        "loc": { "start": { "line": 13, "column": 52 }, "end": { "line": 19, "column": 1 } },
        "line": 13
      }
    },
    "branchMap": {
      "0": {
        "loc": { "start": { "line": 7, "column": 0 }, "end": { "line": 9, "column": 1 } },
        "type": "if",
        "locations": [
          { "start": { "line": 7, "column": 0 }, "end": { "line": 9, "column": 1 } },
          { "start": { "line": 7, "column": 0 }, "end": { "line": 9, "column": 1 } }
        ],
        "line": 7
      },
      "1": {
        "loc": { "start": { "line": 12, "column": 23 }, "end": { "line": 12, "column": 85 } },
        "type": "cond-expr",
        "locations": [
          { "start": { "line": 12, "column": 49 }, "end": { "line": 12, "column": 53 } },
          { "start": { "line": 12, "column": 56 }, "end": { "line": 12, "column": 85 } }
        ],
        "line": 12
      },
      "2": {
        "loc": { "start": { "line": 13, "column": 30 }, "end": { "line": 13, "column": 47 } },
        "type": "default-arg",
        "locations": [
          { "start": { "line": 13, "column": 42 }, "end": { "line": 13, "column": 47 } }
        ],
        "line": 13
      },
      "3": {
        "loc": { "start": { "line": 14, "column": 2 }, "end": { "line": 16, "column": 3 } },
        "type": "if",
        "locations": [
          { "start": { "line": 14, "column": 2 }, "end": { "line": 16, "column": 3 } },
          { "start": { "line": 14, "column": 2 }, "end": { "line": 16, "column": 3 } }
        ],
        "line": 14
      }
    },
    "s": { "0": 0, "1": 0, "2": 0, "3": 0, "4": 0, "5": 0, "6": 0, "7": 0 },
    "f": { "0": 0 },
    "b": { "0": [0, 0], "1": [0, 0], "2": [0], "3": [0, 0] }
  },
  "/Users/a1/mine/one-hooks/src/.umi/core/plugin.ts": {
    "path": "/Users/a1/mine/one-hooks/src/.umi/core/plugin.ts",
    "statementMap": {
      "0": { "start": { "line": 4, "column": 15 }, "end": { "line": 6, "column": 2 } }
    },
    "fnMap": {},
    "branchMap": {},
    "s": { "0": 0 },
    "f": {},
    "b": {}
  },
  "/Users/a1/mine/one-hooks/src/.umi/core/pluginRegister.ts": {
    "path": "/Users/a1/mine/one-hooks/src/.umi/core/pluginRegister.ts",
    "statementMap": {},
    "fnMap": {},
    "branchMap": {},
    "s": {},
    "f": {},
    "b": {}
  },
  "/Users/a1/mine/one-hooks/src/.umi/core/polyfill.ts": {
    "path": "/Users/a1/mine/one-hooks/src/.umi/core/polyfill.ts",
    "statementMap": {},
    "fnMap": {},
    "branchMap": {},
    "s": {},
    "f": {},
    "b": {}
  },
  "/Users/a1/mine/one-hooks/src/.umi/core/routes.ts": {
    "path": "/Users/a1/mine/one-hooks/src/.umi/core/routes.ts",
    "statementMap": {
      "0": { "start": { "line": 8, "column": 17 }, "end": { "line": 163, "column": 1 } },
      "1": { "start": { "line": 14, "column": 47 }, "end": { "line": 14, "column": 158 } },
      "2": { "start": { "line": 15, "column": 39 }, "end": { "line": 15, "column": 95 } },
      "3": { "start": { "line": 16, "column": 35 }, "end": { "line": 16, "column": 59 } },
      "4": { "start": { "line": 17, "column": 36 }, "end": { "line": 17, "column": 57 } },
      "5": { "start": { "line": 20, "column": 25 }, "end": { "line": 20, "column": 56 } },
      "6": { "start": { "line": 23, "column": 6 }, "end": { "line": 23, "column": 24 } },
      "7": { "start": { "line": 25, "column": 6 }, "end": { "line": 40, "column": 7 } },
      "8": { "start": { "line": 28, "column": 10 }, "end": { "line": 28, "column": 31 } },
      "9": { "start": { "line": 32, "column": 10 }, "end": { "line": 36, "column": 12 } },
      "10": { "start": { "line": 39, "column": 10 }, "end": { "line": 39, "column": 64 } },
      "11": { "start": { "line": 161, "column": 28 }, "end": { "line": 161, "column": 42 } },
      "12": { "start": { "line": 166, "column": 2 }, "end": { "line": 170, "column": 5 } },
      "13": { "start": { "line": 172, "column": 2 }, "end": { "line": 172, "column": 16 } }
    },
    "fnMap": {
      "0": {
        "name": "getRoutes",
        "decl": { "start": { "line": 7, "column": 16 }, "end": { "line": 7, "column": 25 } },
        "loc": { "start": { "line": 7, "column": 28 }, "end": { "line": 173, "column": 1 } },
        "line": 7
      },
      "1": {
        "name": "(anonymous_1)",
        "decl": { "start": { "line": 13, "column": 17 }, "end": { "line": 13, "column": 18 } },
        "loc": { "start": { "line": 13, "column": 28 }, "end": { "line": 42, "column": 9 } },
        "line": 13
      },
      "2": {
        "name": "(anonymous_2)",
        "decl": { "start": { "line": 161, "column": 17 }, "end": { "line": 161, "column": 18 } },
        "loc": { "start": { "line": 161, "column": 28 }, "end": { "line": 161, "column": 42 } },
        "line": 161
      }
    },
    "branchMap": {
      "0": {
        "loc": { "start": { "line": 25, "column": 6 }, "end": { "line": 40, "column": 7 } },
        "type": "switch",
        "locations": [
          { "start": { "line": 26, "column": 8 }, "end": { "line": 28, "column": 31 } },
          { "start": { "line": 30, "column": 8 }, "end": { "line": 36, "column": 12 } },
          { "start": { "line": 38, "column": 8 }, "end": { "line": 39, "column": 64 } }
        ],
        "line": 25
      }
    },
    "s": {
      "0": 0,
      "1": 0,
      "2": 0,
      "3": 0,
      "4": 0,
      "5": 0,
      "6": 0,
      "7": 0,
      "8": 0,
      "9": 0,
      "10": 0,
      "11": 0,
      "12": 0,
      "13": 0
    },
    "f": { "0": 0, "1": 0, "2": 0 },
    "b": { "0": [0, 0, 0] }
  },
  "/Users/a1/mine/one-hooks/src/.umi/core/umiExports.ts": {
    "path": "/Users/a1/mine/one-hooks/src/.umi/core/umiExports.ts",
    "statementMap": {},
    "fnMap": {},
    "branchMap": {},
    "s": {},
    "f": {},
    "b": {}
  },
  "/Users/a1/mine/one-hooks/src/.umi/dumi/demos/index.ts": {
    "path": "/Users/a1/mine/one-hooks/src/.umi/dumi/demos/index.ts",
    "statementMap": {
      "0": { "start": { "line": 9, "column": 31 }, "end": { "line": 9, "column": 161 } },
      "1": { "start": { "line": 11, "column": 15 }, "end": { "line": 11, "column": 55 } },
      "2": { "start": { "line": 13, "column": 18 }, "end": { "line": 13, "column": 38 } },
      "3": { "start": { "line": 15, "column": 17 }, "end": { "line": 19, "column": 3 } },
      "4": { "start": { "line": 16, "column": 4 }, "end": { "line": 18, "column": 7 } },
      "5": { "start": { "line": 21, "column": 2 }, "end": { "line": 21, "column": 51 } },
      "6": { "start": { "line": 27, "column": 32 }, "end": { "line": 27, "column": 163 } },
      "7": { "start": { "line": 29, "column": 31 }, "end": { "line": 29, "column": 161 } },
      "8": { "start": { "line": 31, "column": 24 }, "end": { "line": 31, "column": 174 } },
      "9": { "start": { "line": 33, "column": 15 }, "end": { "line": 33, "column": 56 } },
      "10": { "start": { "line": 35, "column": 26 }, "end": { "line": 35, "column": 84 } },
      "11": { "start": { "line": 37, "column": 13 }, "end": { "line": 37, "column": 14 } },
      "12": { "start": { "line": 39, "column": 18 }, "end": { "line": 54, "column": 3 } },
      "13": { "start": { "line": 40, "column": 27 }, "end": { "line": 40, "column": 88 } },
      "14": { "start": { "line": 41, "column": 28 }, "end": { "line": 41, "column": 80 } },
      "15": { "start": { "line": 42, "column": 12 }, "end": { "line": 42, "column": 32 } },
      "16": { "start": { "line": 43, "column": 17 }, "end": { "line": 43, "column": 37 } },
      "17": { "start": { "line": 45, "column": 19 }, "end": { "line": 47, "column": 16 } },
      "18": { "start": { "line": 46, "column": 6 }, "end": { "line": 46, "column": 29 } },
      "19": { "start": { "line": 48, "column": 4 }, "end": { "line": 48, "column": 41 } },
      "20": { "start": { "line": 49, "column": 4 }, "end": { "line": 49, "column": 28 } },
      "21": { "start": { "line": 50, "column": 4 }, "end": { "line": 53, "column": 7 } },
      "22": { "start": { "line": 56, "column": 17 }, "end": { "line": 72, "column": 3 } },
      "23": { "start": { "line": 57, "column": 20 }, "end": { "line": 57, "column": 44 } },
      "24": { "start": { "line": 58, "column": 21 }, "end": { "line": 58, "column": 66 } },
      "25": { "start": { "line": 59, "column": 16 }, "end": { "line": 59, "column": 29 } },
      "26": { "start": { "line": 60, "column": 19 }, "end": { "line": 60, "column": 32 } },
      "27": { "start": { "line": 62, "column": 19 }, "end": { "line": 65, "column": 10 } },
      "28": { "start": { "line": 63, "column": 6 }, "end": { "line": 63, "column": 33 } },
      "29": { "start": { "line": 64, "column": 6 }, "end": { "line": 64, "column": 18 } },
      "30": { "start": { "line": 66, "column": 4 }, "end": { "line": 71, "column": 8 } },
      "31": { "start": { "line": 74, "column": 2 }, "end": { "line": 74, "column": 51 } }
    },
    "fnMap": {
      "0": {
        "name": "DumiDemo",
        "decl": { "start": { "line": 8, "column": 24 }, "end": { "line": 8, "column": 32 } },
        "loc": { "start": { "line": 8, "column": 35 }, "end": { "line": 22, "column": 1 } },
        "line": 8
      },
      "1": {
        "name": "_default",
        "decl": { "start": { "line": 15, "column": 26 }, "end": { "line": 15, "column": 34 } },
        "loc": { "start": { "line": 15, "column": 37 }, "end": { "line": 19, "column": 3 } },
        "line": 15
      },
      "2": {
        "name": "DumiDemo",
        "decl": { "start": { "line": 26, "column": 24 }, "end": { "line": 26, "column": 32 } },
        "loc": { "start": { "line": 26, "column": 35 }, "end": { "line": 75, "column": 1 } },
        "line": 26
      },
      "3": {
        "name": "WrapInput",
        "decl": { "start": { "line": 39, "column": 27 }, "end": { "line": 39, "column": 36 } },
        "loc": { "start": { "line": 39, "column": 44 }, "end": { "line": 54, "column": 3 } },
        "line": 39
      },
      "4": {
        "name": "(anonymous_4)",
        "decl": { "start": { "line": 45, "column": 43 }, "end": { "line": 45, "column": 44 } },
        "loc": { "start": { "line": 45, "column": 56 }, "end": { "line": 47, "column": 5 } },
        "line": 45
      },
      "5": {
        "name": "_default",
        "decl": { "start": { "line": 56, "column": 26 }, "end": { "line": 56, "column": 34 } },
        "loc": { "start": { "line": 56, "column": 37 }, "end": { "line": 72, "column": 3 } },
        "line": 56
      },
      "6": {
        "name": "(anonymous_6)",
        "decl": { "start": { "line": 62, "column": 43 }, "end": { "line": 62, "column": 44 } },
        "loc": { "start": { "line": 62, "column": 56 }, "end": { "line": 65, "column": 5 } },
        "line": 62
      }
    },
    "branchMap": {},
    "s": {
      "0": 0,
      "1": 0,
      "2": 0,
      "3": 0,
      "4": 0,
      "5": 0,
      "6": 0,
      "7": 0,
      "8": 0,
      "9": 0,
      "10": 0,
      "11": 0,
      "12": 0,
      "13": 0,
      "14": 0,
      "15": 0,
      "16": 0,
      "17": 0,
      "18": 0,
      "19": 0,
      "20": 0,
      "21": 0,
      "22": 0,
      "23": 0,
      "24": 0,
      "25": 0,
      "26": 0,
      "27": 0,
      "28": 0,
      "29": 0,
      "30": 0,
      "31": 0
    },
    "f": { "0": 0, "1": 0, "2": 0, "3": 0, "4": 0, "5": 0, "6": 0 },
    "b": {}
  },
  "/Users/a1/mine/one-hooks/src/use-state-or-props/index.ts": {
    "path": "/Users/a1/mine/one-hooks/src/use-state-or-props/index.ts",
    "statementMap": {
      "0": { "start": { "line": 29, "column": 38 }, "end": { "line": 29, "column": 72 } },
      "1": { "start": { "line": 30, "column": 23 }, "end": { "line": 30, "column": 73 } },
      "2": { "start": { "line": 30, "column": 37 }, "end": { "line": 30, "column": 58 } },
      "3": { "start": { "line": 31, "column": 16 }, "end": { "line": 36, "column": 4 } },
      "4": { "start": { "line": 31, "column": 31 }, "end": { "line": 31, "column": 69 } },
      "5": { "start": { "line": 37, "column": 30 }, "end": { "line": 43, "column": 3 } },
      "6": { "start": { "line": 39, "column": 6 }, "end": { "line": 39, "column": 22 } },
      "7": { "start": { "line": 40, "column": 6 }, "end": { "line": 40, "column": 30 } },
      "8": { "start": { "line": 44, "column": 2 }, "end": { "line": 44, "column": 31 } }
    },
    "fnMap": {
      "0": {
        "name": "useStateOrProps",
        "decl": { "start": { "line": 23, "column": 16 }, "end": { "line": 23, "column": 31 } },
        "loc": { "start": { "line": 28, "column": 30 }, "end": { "line": 45, "column": 1 } },
        "line": 28
      },
      "1": {
        "name": "(anonymous_1)",
        "decl": { "start": { "line": 30, "column": 31 }, "end": { "line": 30, "column": 32 } },
        "loc": { "start": { "line": 30, "column": 37 }, "end": { "line": 30, "column": 58 } },
        "line": 30
      },
      "2": {
        "name": "(anonymous_2)",
        "decl": { "start": { "line": 31, "column": 24 }, "end": { "line": 31, "column": 25 } },
        "loc": { "start": { "line": 31, "column": 31 }, "end": { "line": 31, "column": 69 } },
        "line": 31
      },
      "3": {
        "name": "(anonymous_3)",
        "decl": { "start": { "line": 38, "column": 4 }, "end": { "line": 38, "column": 5 } },
        "loc": { "start": { "line": 38, "column": 11 }, "end": { "line": 41, "column": 5 } },
        "line": 38
      }
    },
    "branchMap": {
      "0": {
        "loc": { "start": { "line": 24, "column": 2 }, "end": { "line": 24, "column": 20 } },
        "type": "default-arg",
        "locations": [
          { "start": { "line": 24, "column": 13 }, "end": { "line": 24, "column": 20 } }
        ],
        "line": 24
      },
      "1": {
        "loc": { "start": { "line": 26, "column": 2 }, "end": { "line": 26, "column": 27 } },
        "type": "default-arg",
        "locations": [
          { "start": { "line": 26, "column": 13 }, "end": { "line": 26, "column": 27 } }
        ],
        "line": 26
      },
      "2": {
        "loc": { "start": { "line": 31, "column": 31 }, "end": { "line": 31, "column": 69 } },
        "type": "cond-expr",
        "locations": [
          { "start": { "line": 31, "column": 46 }, "end": { "line": 31, "column": 56 } },
          { "start": { "line": 31, "column": 59 }, "end": { "line": 31, "column": 69 } }
        ],
        "line": 31
      },
      "3": {
        "loc": { "start": { "line": 40, "column": 6 }, "end": { "line": 40, "column": 30 } },
        "type": "binary-expr",
        "locations": [
          { "start": { "line": 40, "column": 6 }, "end": { "line": 40, "column": 12 } },
          { "start": { "line": 40, "column": 16 }, "end": { "line": 40, "column": 30 } }
        ],
        "line": 40
      }
    },
    "s": { "0": 5, "1": 5, "2": 5, "3": 5, "4": 5, "5": 5, "6": 2, "7": 2, "8": 5 },
    "f": { "0": 5, "1": 5, "2": 5, "3": 2 },
    "b": { "0": [0], "1": [5], "2": [2, 3], "3": [2, 2] },
    "_coverageSchema": "1a1c01bbd47fc00a2c39e90264f33305004495a9",
    "hash": "9264a87b4e2b363af748d7cfc4943c5f7dc7dfa6"
  }
}
