TN:
SF:src/index.ts
FNF:0
FNH:0
LF:0
LH:0
BRF:0
BRH:0
end_of_record
TN:
SF:src/.umi/umi.ts
FN:14,(anonymous_0)
FN:17,(anonymous_1)
FN:48,(anonymous_2)
FN:51,(anonymous_3)
FNF:4
FNH:0
FNDA:0,(anonymous_0)
FNDA:0,(anonymous_1)
FNDA:0,(anonymous_2)
FNDA:0,(anonymous_3)
DA:14,0
DA:18,0
DA:30,0
DA:35,0
DA:39,0
DA:46,0
DA:48,0
DA:49,0
DA:50,0
DA:51,0
DA:52,0
DA:55,0
LF:12
LH:0
BRDA:14,0,0,0
BRDA:22,1,0,0
BRDA:22,1,1,0
BRDA:46,2,0,0
BRDA:46,2,1,0
BRDA:50,3,0,0
BRDA:50,3,1,0
BRF:7
BRH:0
end_of_record
TN:
SF:src/.umi/core/devScripts.ts
FN:4,tryApplyUpdates
FN:11,isUpdateAvailable
FN:22,handleApplyUpdates
FN:38,(anonymous_3)
FN:41,(anonymous_4)
FNF:5
FNH:0
FNDA:0,tryApplyUpdates
FNDA:0,isUpdateAvailable
FNDA:0,handleApplyUpdates
FNDA:0,(anonymous_3)
FNDA:0,(anonymous_4)
DA:3,0
DA:6,0
DA:7,0
DA:8,0
DA:13,0
DA:18,0
DA:19,0
DA:23,0
DA:24,0
DA:25,0
DA:28,0
DA:30,0
DA:32,0
DA:37,0
DA:39,0
DA:42,0
DA:47,0
LF:17
LH:0
BRDA:3,0,0,0
BRDA:3,0,1,0
BRDA:6,1,0,0
BRDA:6,1,1,0
BRDA:18,2,0,0
BRDA:18,2,1,0
BRDA:18,3,0,0
BRDA:18,3,1,0
BRDA:23,4,0,0
BRDA:23,4,1,0
BRDA:23,5,0,0
BRDA:23,5,1,0
BRDA:23,5,2,0
BRDA:30,6,0,0
BRDA:30,6,1,0
BRF:15
BRH:0
end_of_record
TN:
SF:src/.umi/core/history.ts
FN:13,(anonymous_0)
FNF:1
FNH:0
FNDA:0,(anonymous_0)
DA:4,0
DA:7,0
DA:8,0
DA:12,0
DA:13,0
DA:14,0
DA:15,0
DA:18,0
LF:8
LH:0
BRDA:7,0,0,0
BRDA:7,0,1,0
BRDA:12,1,0,0
BRDA:12,1,1,0
BRDA:13,2,0,0
BRDA:14,3,0,0
BRDA:14,3,1,0
BRF:7
BRH:0
end_of_record
TN:
SF:src/.umi/core/plugin.ts
FNF:0
FNH:0
DA:4,0
LF:1
LH:0
BRF:0
BRH:0
end_of_record
TN:
SF:src/.umi/core/pluginRegister.ts
FNF:0
FNH:0
LF:0
LH:0
BRF:0
BRH:0
end_of_record
TN:
SF:src/.umi/core/polyfill.ts
FNF:0
FNH:0
LF:0
LH:0
BRF:0
BRH:0
end_of_record
TN:
SF:src/.umi/core/routes.ts
FN:7,getRoutes
FN:13,(anonymous_1)
FN:161,(anonymous_2)
FNF:3
FNH:0
FNDA:0,getRoutes
FNDA:0,(anonymous_1)
FNDA:0,(anonymous_2)
DA:8,0
DA:14,0
DA:15,0
DA:16,0
DA:17,0
DA:20,0
DA:23,0
DA:25,0
DA:28,0
DA:32,0
DA:39,0
DA:161,0
DA:166,0
DA:172,0
LF:14
LH:0
BRDA:25,0,0,0
BRDA:25,0,1,0
BRDA:25,0,2,0
BRF:3
BRH:0
end_of_record
TN:
SF:src/.umi/core/umiExports.ts
FNF:0
FNH:0
LF:0
LH:0
BRF:0
BRH:0
end_of_record
TN:
SF:src/.umi/dumi/demos/index.ts
FN:8,DumiDemo
FN:15,_default
FN:26,DumiDemo
FN:39,WrapInput
FN:45,(anonymous_4)
FN:56,_default
FN:62,(anonymous_6)
FNF:7
FNH:0
FNDA:0,DumiDemo
FNDA:0,_default
FNDA:0,DumiDemo
FNDA:0,WrapInput
FNDA:0,(anonymous_4)
FNDA:0,_default
FNDA:0,(anonymous_6)
DA:9,0
DA:11,0
DA:13,0
DA:15,0
DA:16,0
DA:21,0
DA:27,0
DA:29,0
DA:31,0
DA:33,0
DA:35,0
DA:37,0
DA:39,0
DA:40,0
DA:41,0
DA:42,0
DA:43,0
DA:45,0
DA:46,0
DA:48,0
DA:49,0
DA:50,0
DA:56,0
DA:57,0
DA:58,0
DA:59,0
DA:60,0
DA:62,0
DA:63,0
DA:64,0
DA:66,0
DA:74,0
LF:32
LH:0
BRF:0
BRH:0
end_of_record
TN:
SF:src/use-state-or-props/index.ts
FN:23,useStateOrProps
FN:30,(anonymous_1)
FN:31,(anonymous_2)
FN:38,(anonymous_3)
FNF:4
FNH:4
FNDA:5,useStateOrProps
FNDA:5,(anonymous_1)
FNDA:5,(anonymous_2)
FNDA:2,(anonymous_3)
DA:29,5
DA:30,5
DA:31,5
DA:37,5
DA:39,2
DA:40,2
DA:44,5
LF:7
LH:7
BRDA:24,0,0,0
BRDA:26,1,0,5
BRDA:31,2,0,2
BRDA:31,2,1,3
BRDA:40,3,0,2
BRDA:40,3,1,2
BRF:6
BRH:5
end_of_record
